E:\VS2010PROJECTS\OPENCLOTHNEWHOLIDAY\OPENCLOTH_POSITIONBASEDDYNAMICS\DEBUG\OPENCLOTH_POSITIONBASEDDYNAMICS.EXE
E:\VS2010PROJECTS\OPENCLOTHNEWHOLIDAY\OPENCLOTH_POSITIONBASEDDYNAMICS\DEBUG\OPENCLOTH_POSITIONBASEDDYNAMICS.ILK
E:\VS2010PROJECTS\OPENCLOTHNEWHOLIDAY\OPENCLOTH_POSITIONBASEDDYNAMICS\DEBUG\OPENCLOTH_POSITIONBASEDDYNAMICS.PDB
E:\vs2010projects\openclothnewholiday\OpenCloth_PositionBasedDynamics\OpenCloth_PositionBasedDynamics\Debug\cl.command.1.tlog
E:\vs2010projects\openclothnewholiday\OpenCloth_PositionBasedDynamics\OpenCloth_PositionBasedDynamics\Debug\CL.read.1.tlog
E:\vs2010projects\openclothnewholiday\OpenCloth_PositionBasedDynamics\OpenCloth_PositionBasedDynamics\Debug\CL.write.1.tlog
E:\VS2010PROJECTS\OPENCLOTHNEWHOLIDAY\OPENCLOTH_POSITIONBASEDDYNAMICS\OPENCLOTH_POSITIONBASEDDYNAMICS\DEBUG\GLM.OBJ
E:\vs2010projects\openclothnewholiday\OpenCloth_PositionBasedDynamics\OpenCloth_PositionBasedDynamics\Debug\link.2704.read.1.tlog
E:\vs2010projects\openclothnewholiday\OpenCloth_PositionBasedDynamics\OpenCloth_PositionBasedDynamics\Debug\link.2704.write.1.tlog
E:\vs2010projects\openclothnewholiday\OpenCloth_PositionBasedDynamics\OpenCloth_PositionBasedDynamics\Debug\link.2704-cvtres.read.1.tlog
E:\vs2010projects\openclothnewholiday\OpenCloth_PositionBasedDynamics\OpenCloth_PositionBasedDynamics\Debug\link.2704-cvtres.write.1.tlog
E:\vs2010projects\openclothnewholiday\OpenCloth_PositionBasedDynamics\OpenCloth_PositionBasedDynamics\Debug\link.3740.read.1.tlog
E:\vs2010projects\openclothnewholiday\OpenCloth_PositionBasedDynamics\OpenCloth_PositionBasedDynamics\Debug\link.3740.write.1.tlog
E:\vs2010projects\openclothnewholiday\OpenCloth_PositionBasedDynamics\OpenCloth_PositionBasedDynamics\Debug\link.3740-cvtres.read.1.tlog
E:\vs2010projects\openclothnewholiday\OpenCloth_PositionBasedDynamics\OpenCloth_PositionBasedDynamics\Debug\link.3740-cvtres.write.1.tlog
E:\vs2010projects\openclothnewholiday\OpenCloth_PositionBasedDynamics\OpenCloth_PositionBasedDynamics\Debug\link.4436.read.1.tlog
E:\vs2010projects\openclothnewholiday\OpenCloth_PositionBasedDynamics\OpenCloth_PositionBasedDynamics\Debug\link.4436.write.1.tlog
E:\vs2010projects\openclothnewholiday\OpenCloth_PositionBasedDynamics\OpenCloth_PositionBasedDynamics\Debug\link.4436-cvtres.read.1.tlog
E:\vs2010projects\openclothnewholiday\OpenCloth_PositionBasedDynamics\OpenCloth_PositionBasedDynamics\Debug\link.4436-cvtres.write.1.tlog
E:\vs2010projects\openclothnewholiday\OpenCloth_PositionBasedDynamics\OpenCloth_PositionBasedDynamics\Debug\link.command.1.tlog
E:\vs2010projects\openclothnewholiday\OpenCloth_PositionBasedDynamics\OpenCloth_PositionBasedDynamics\Debug\link.read.1.tlog
E:\vs2010projects\openclothnewholiday\OpenCloth_PositionBasedDynamics\OpenCloth_PositionBasedDynamics\Debug\link.write.1.tlog
E:\vs2010projects\openclothnewholiday\OpenCloth_PositionBasedDynamics\OpenCloth_PositionBasedDynamics\Debug\link-cvtres.read.1.tlog
E:\vs2010projects\openclothnewholiday\OpenCloth_PositionBasedDynamics\OpenCloth_PositionBasedDynamics\Debug\link-cvtres.write.1.tlog
E:\VS2010PROJECTS\OPENCLOTHNEWHOLIDAY\OPENCLOTH_POSITIONBASEDDYNAMICS\OPENCLOTH_POSITIONBASEDDYNAMICS\DEBUG\MAIN.OBJ
E:\vs2010projects\openclothnewholiday\OpenCloth_PositionBasedDynamics\OpenCloth_PositionBasedDynamics\Debug\mt.command.1.tlog
E:\vs2010projects\openclothnewholiday\OpenCloth_PositionBasedDynamics\OpenCloth_PositionBasedDynamics\Debug\mt.read.1.tlog
E:\vs2010projects\openclothnewholiday\OpenCloth_PositionBasedDynamics\OpenCloth_PositionBasedDynamics\Debug\mt.write.1.tlog
E:\VS2010PROJECTS\OPENCLOTHNEWHOLIDAY\OPENCLOTH_POSITIONBASEDDYNAMICS\OPENCLOTH_POSITIONBASEDDYNAMICS\DEBUG\OPENCLOTH_POSITIONBASEDDYNAMICS.EXE.EMBED.MANIFEST
E:\VS2010PROJECTS\OPENCLOTHNEWHOLIDAY\OPENCLOTH_POSITIONBASEDDYNAMICS\OPENCLOTH_POSITIONBASEDDYNAMICS\DEBUG\OPENCLOTH_POSITIONBASEDDYNAMICS.EXE.EMBED.MANIFEST.RES
E:\VS2010PROJECTS\OPENCLOTHNEWHOLIDAY\OPENCLOTH_POSITIONBASEDDYNAMICS\OPENCLOTH_POSITIONBASEDDYNAMICS\DEBUG\OPENCLOTH_POSITIONBASEDDYNAMICS.EXE.INTERMEDIATE.MANIFEST
E:\vs2010projects\openclothnewholiday\OpenCloth_PositionBasedDynamics\OpenCloth_PositionBasedDynamics\Debug\OpenCloth_PositionBasedDynamics_manifest.rc
E:\vs2010projects\openclothnewholiday\OpenCloth_PositionBasedDynamics\OpenCloth_PositionBasedDynamics\Debug\rc.command.1.tlog
E:\vs2010projects\openclothnewholiday\OpenCloth_PositionBasedDynamics\OpenCloth_PositionBasedDynamics\Debug\rc.read.1.tlog
E:\vs2010projects\openclothnewholiday\OpenCloth_PositionBasedDynamics\OpenCloth_PositionBasedDynamics\Debug\rc.write.1.tlog
E:\vs2010projects\openclothnewholiday\OpenCloth_PositionBasedDynamics\OpenCloth_PositionBasedDynamics\Debug\vc100.idb
E:\VS2010PROJECTS\OPENCLOTHNEWHOLIDAY\OPENCLOTH_POSITIONBASEDDYNAMICS\OPENCLOTH_POSITIONBASEDDYNAMICS\DEBUG\VC100.PDB
